[2026-04-26 08:50:15,869] INFO - Model loaded from artifacts/model.h5
[2026-04-26 08:50:15,870] INFO - \u2713 Model loaded successfully
[2026-04-26 08:50:15,876] INFO - ============================================================
[2026-04-26 08:50:15,876] INFO - FOOD FRESHNESS CLASSIFICATION API
[2026-04-26 08:50:15,876] INFO - ============================================================
[2026-04-26 08:50:15,876] INFO - Model Status: \u2713 Loaded
[2026-04-26 08:50:15,876] INFO - Total Classes: 18
[2026-04-26 08:50:15,877] INFO - Upload Folder: D:\e drive\Only_Project\Food freshness classification from visual features\uploads
[2026-04-26 08:50:15,877] INFO - Max File Size: 10MB
[2026-04-26 08:50:15,877] INFO - ============================================================
[2026-04-26 08:50:15,887] INFO - Starting Flask API server...
[2026-04-26 08:50:15,895] INFO - Model loaded from artifacts/model.h5
[2026-04-26 08:50:15,895] INFO - \u2713 Model loaded successfully
[2026-04-26 08:50:15,903] INFO - ============================================================
[2026-04-26 08:50:15,903] INFO - FOOD FRESHNESS CLASSIFICATION API
[2026-04-26 08:50:15,903] INFO - ============================================================
[2026-04-26 08:50:15,904] INFO - Model Status: \u2713 Loaded
[2026-04-26 08:50:15,905] INFO - Total Classes: 18
[2026-04-26 08:50:15,905] INFO - Upload Folder: D:\e drive\Only_Project\Food freshness classification from visual features\uploads
[2026-04-26 08:50:15,906] INFO - Max File Size: 10MB
[2026-04-26 08:50:15,906] INFO - ============================================================
[2026-04-26 08:50:15,906] INFO - Starting Flask API server...
[2026-04-26 08:50:15,940] WARNING -  * Debugger is active!
[2026-04-26 08:50:15,949] INFO -  * Debugger PIN: 121-493-725
[2026-04-26 08:50:15,954] WARNING -  * Debugger is active!
[2026-04-26 08:50:15,963] INFO -  * Debugger PIN: 121-493-725
[2026-04-26 08:52:16,769] INFO -  * Detected change in 'D:\\e drive\\Only_Project\\Food freshness classification from visual features\\config.py', reloading
[2026-04-26 08:52:16,769] INFO -  * Detected change in 'D:\\e drive\\Only_Project\\Food freshness classification from visual features\\config.py', reloading
