[2026-04-25 21:36:17,152] INFO - Model loaded from artifacts/model.h5
[2026-04-25 21:36:17,153] INFO - Model loaded successfully
[2026-04-25 21:36:17,154] INFO - Starting Flask API server
[2026-04-25 21:36:17,225] INFO - [31m[1mWARNING: This is a development server. Do not use it in a production deployment. Use a production WSGI server instead.[0m
 * Running on all addresses (0.0.0.0)
 * Running on http://127.0.0.1:8000
 * Running on http://10.97.207.209:8000
[2026-04-25 21:36:17,226] INFO - [33mPress CTRL+C to quit[0m
[2026-04-25 21:36:17,245] INFO -  * Restarting with watchdog (windowsapi)
[2026-04-25 21:41:12,112] INFO -  * Restarting with watchdog (windowsapi)
[2026-04-25 21:54:01,170] INFO -  * Restarting with watchdog (windowsapi)
[2026-04-25 21:54:09,276] INFO -  * Restarting with watchdog (windowsapi)
[2026-04-25 21:54:18,884] INFO -  * Restarting with watchdog (windowsapi)
[2026-04-25 21:55:24,833] INFO -  * Restarting with watchdog (windowsapi)
[2026-04-25 22:01:12,280] INFO -  * Restarting with watchdog (windowsapi)
[2026-04-25 22:01:37,564] INFO -  * Restarting with watchdog (windowsapi)
[2026-04-25 22:01:56,556] INFO -  * Restarting with watchdog (windowsapi)
[2026-04-25 22:04:30,226] INFO -  * Restarting with watchdog (windowsapi)
[2026-04-25 22:22:57,657] INFO -  * Restarting with watchdog (windowsapi)
[2026-04-25 23:27:31,633] INFO -  * Restarting with watchdog (windowsapi)
[2026-04-26 08:05:43,070] INFO -  * Restarting with watchdog (windowsapi)
[2026-04-26 08:21:25,224] INFO -  * Restarting with watchdog (windowsapi)
[2026-04-26 08:49:54,427] INFO -  * Restarting with watchdog (windowsapi)
[2026-04-26 08:50:11,077] INFO -  * Restarting with watchdog (windowsapi)
[2026-04-26 08:52:18,037] INFO -  * Restarting with watchdog (windowsapi)
