[2026-04-26 08:05:51,908] INFO - Model loaded from artifacts/model.h5
[2026-04-26 08:05:51,908] INFO - \u2713 Model loaded successfully
[2026-04-26 08:05:51,909] INFO - Model loaded from artifacts/model.h5
[2026-04-26 08:05:51,910] INFO - \u2713 Model loaded successfully
[2026-04-26 08:05:51,912] INFO - ============================================================
[2026-04-26 08:05:51,912] INFO - FOOD FRESHNESS CLASSIFICATION API
[2026-04-26 08:05:51,912] INFO - ============================================================
[2026-04-26 08:05:51,913] INFO - Model Status: \u2713 Loaded
[2026-04-26 08:05:51,913] INFO - Total Classes: 18
[2026-04-26 08:05:51,913] INFO - Upload Folder: D:\e drive\Only_Project\Food freshness classification from visual features\uploads
[2026-04-26 08:05:51,913] INFO - Max File Size: 10MB
[2026-04-26 08:05:51,914] INFO - ============================================================
[2026-04-26 08:05:51,914] INFO - Starting Flask API server...
[2026-04-26 08:05:51,914] INFO - ============================================================
[2026-04-26 08:05:51,914] INFO - FOOD FRESHNESS CLASSIFICATION API
[2026-04-26 08:05:51,914] INFO - ============================================================
[2026-04-26 08:05:51,914] INFO - Model Status: \u2713 Loaded
[2026-04-26 08:05:51,914] INFO - Total Classes: 18
[2026-04-26 08:05:51,915] INFO - Upload Folder: D:\e drive\Only_Project\Food freshness classification from visual features\uploads
[2026-04-26 08:05:51,915] INFO - Max File Size: 10MB
[2026-04-26 08:05:51,915] INFO - ============================================================
[2026-04-26 08:05:51,915] INFO - Starting Flask API server...
[2026-04-26 08:05:51,956] WARNING -  * Debugger is active!
[2026-04-26 08:05:51,961] INFO -  * Debugger PIN: 121-493-725
[2026-04-26 08:05:52,000] INFO - [31m[1mWARNING: This is a development server. Do not use it in a production deployment. Use a production WSGI server instead.[0m
 * Running on all addresses (0.0.0.0)
 * Running on http://127.0.0.1:8000
 * Running on http://10.97.207.209:8000
[2026-04-26 08:05:52,000] INFO - [33mPress CTRL+C to quit[0m
[2026-04-26 08:05:52,026] INFO -  * Restarting with watchdog (windowsapi)
[2026-04-26 08:21:24,163] INFO -  * Detected change in 'D:\\e drive\\Only_Project\\Ann Classification project\\venu\\Lib\\site-packages\\flask\\__init__.py', reloading
[2026-04-26 08:21:25,224] INFO -  * Restarting with watchdog (windowsapi)
[2026-04-26 08:49:54,430] INFO -  * Restarting with watchdog (windowsapi)
[2026-04-26 08:50:11,074] INFO -  * Restarting with watchdog (windowsapi)
[2026-04-26 08:52:18,034] INFO -  * Restarting with watchdog (windowsapi)
