[2026-04-25 16:33:48,005] INFO - Starting data ingestion for food freshness dataset
[2026-04-25 16:33:48,006] INFO - Processing class: freshapples
[2026-04-25 16:34:21,581] INFO - dataset\Train\freshapples \u2192 Train: 1939, Test: 485
[2026-04-25 16:34:21,581] INFO - Processing class: freshbanana
[2026-04-25 16:34:55,752] INFO - dataset\Train\freshbanana \u2192 Train: 1974, Test: 494
[2026-04-25 16:34:55,752] INFO - Processing class: freshbittergroud
[2026-04-25 16:34:59,971] INFO - dataset\Train\freshbittergroud \u2192 Train: 261, Test: 66
[2026-04-25 16:34:59,971] INFO - Processing class: freshcapsicum
[2026-04-25 16:35:12,826] INFO - dataset\Train\freshcapsicum \u2192 Train: 792, Test: 198
[2026-04-25 16:35:12,826] INFO - Processing class: freshcucumber
[2026-04-25 16:35:19,210] INFO - dataset\Train\freshcucumber \u2192 Train: 396, Test: 100
[2026-04-25 16:35:19,210] INFO - Processing class: freshokra
[2026-04-25 16:35:26,934] INFO - dataset\Train\freshokra \u2192 Train: 508, Test: 127
[2026-04-25 16:35:26,934] INFO - Processing class: freshoranges
[2026-04-25 16:35:47,048] INFO - dataset\Train\freshoranges \u2192 Train: 1172, Test: 294
[2026-04-25 16:35:47,049] INFO - Processing class: freshpotato
[2026-04-25 16:35:54,357] INFO - dataset\Train\freshpotato \u2192 Train: 428, Test: 108
[2026-04-25 16:35:54,357] INFO - Processing class: freshtomato
[2026-04-25 16:36:18,669] INFO - dataset\Train\freshtomato \u2192 Train: 1486, Test: 372
[2026-04-25 16:36:18,669] INFO - Processing class: rottenapples
[2026-04-25 16:36:30,827] INFO - dataset\Train\rottenapples \u2192 Train: 2598, Test: 650
[2026-04-25 16:36:30,828] INFO - Processing class: rottenbanana
[2026-04-25 16:36:39,617] INFO - dataset\Train\rottenbanana \u2192 Train: 2345, Test: 587
[2026-04-25 16:36:39,618] INFO - Processing class: rottenbittergroud
[2026-04-25 16:36:40,598] INFO - dataset\Train\rottenbittergroud \u2192 Train: 285, Test: 72
[2026-04-25 16:36:40,598] INFO - Processing class: rottencapsicum
[2026-04-25 16:36:42,683] INFO - dataset\Train\rottencapsicum \u2192 Train: 720, Test: 181
[2026-04-25 16:36:42,684] INFO - Processing class: rottencucumber
[2026-04-25 16:36:43,720] INFO - dataset\Train\rottencucumber \u2192 Train: 336, Test: 85
[2026-04-25 16:36:43,721] INFO - Processing class: rottenokra
[2026-04-25 16:36:44,627] INFO - dataset\Train\rottenokra \u2192 Train: 270, Test: 68
[2026-04-25 16:36:44,627] INFO - Processing class: rottenoranges
[2026-04-25 16:36:45,754] INFO - dataset\Train\rottenoranges \u2192 Train: 297, Test: 75
[2026-04-25 16:36:45,754] INFO - Data ingestion completed successfully
[2026-04-25 16:36:45,755] INFO - Starting data transformation
[2026-04-25 16:36:45,756] INFO - Classes found: ['freshapples', 'freshbanana', 'freshbittergroud', 'freshcapsicum', 'freshcucumber', 'freshokra', 'freshoranges', 'freshpotato', 'freshtomato', 'rottenapples', 'rottenbanana', 'rottenbittergroud', 'rottencapsicum', 'rottencucumber', 'rottenokra', 'rottenoranges']
[2026-04-25 16:36:47,371] INFO - Data transformation completed
[2026-04-25 16:36:47,371] INFO - Starting model training
[2026-04-25 16:36:47,998] INFO - Model built with 16 output classes
