[2026-04-25 15:20:30,960] INFO - Starting data ingestion for food freshness dataset
[2026-04-25 15:20:30,960] INFO - Processing class: freshapples
[2026-04-25 15:20:52,884] INFO - dataset\Train\freshapples \u2192 Train: 1939, Test: 485
[2026-04-25 15:20:52,887] INFO - Processing class: freshbanana
[2026-04-25 15:21:12,769] INFO - dataset\Train\freshbanana \u2192 Train: 1974, Test: 494
[2026-04-25 15:21:12,769] INFO - Processing class: freshbittergroud
[2026-04-25 15:21:15,225] INFO - dataset\Train\freshbittergroud \u2192 Train: 261, Test: 66
[2026-04-25 15:21:15,225] INFO - Processing class: freshcapsicum
[2026-04-25 15:21:23,142] INFO - dataset\Train\freshcapsicum \u2192 Train: 792, Test: 198
[2026-04-25 15:21:23,142] INFO - Processing class: freshcucumber
[2026-04-25 15:21:26,872] INFO - dataset\Train\freshcucumber \u2192 Train: 396, Test: 100
[2026-04-25 15:21:26,872] INFO - Processing class: freshokra
[2026-04-25 15:21:31,555] INFO - dataset\Train\freshokra \u2192 Train: 508, Test: 127
[2026-04-25 15:21:31,555] INFO - Processing class: freshoranges
[2026-04-25 15:21:43,260] INFO - dataset\Train\freshoranges \u2192 Train: 1172, Test: 294
[2026-04-25 15:21:43,260] INFO - Processing class: freshpotato
[2026-04-25 15:21:47,945] INFO - dataset\Train\freshpotato \u2192 Train: 428, Test: 108
[2026-04-25 15:21:47,945] INFO - Processing class: freshtomato
[2026-04-25 15:22:01,714] INFO - dataset\Train\freshtomato \u2192 Train: 1486, Test: 372
[2026-04-25 15:22:01,714] INFO - Processing class: rottenapples
[2026-04-25 15:22:28,773] INFO - dataset\Train\rottenapples \u2192 Train: 2598, Test: 650
[2026-04-25 15:22:28,773] INFO - Processing class: rottenbanana
[2026-04-25 15:22:52,251] INFO - dataset\Train\rottenbanana \u2192 Train: 2345, Test: 587
[2026-04-25 15:22:52,251] INFO - Processing class: rottenbittergroud
[2026-04-25 15:22:54,676] INFO - dataset\Train\rottenbittergroud \u2192 Train: 285, Test: 72
[2026-04-25 15:22:54,677] INFO - Processing class: rottencapsicum
[2026-04-25 15:23:00,753] INFO - dataset\Train\rottencapsicum \u2192 Train: 720, Test: 181
[2026-04-25 15:23:00,753] INFO - Processing class: rottencucumber
[2026-04-25 15:23:03,856] INFO - dataset\Train\rottencucumber \u2192 Train: 336, Test: 85
[2026-04-25 15:23:03,856] INFO - Processing class: rottenokra
[2026-04-25 15:23:06,486] INFO - dataset\Train\rottenokra \u2192 Train: 270, Test: 68
[2026-04-25 15:23:06,486] INFO - Processing class: rottenoranges
[2026-04-25 15:23:09,429] INFO - dataset\Train\rottenoranges \u2192 Train: 297, Test: 75
[2026-04-25 15:23:09,429] INFO - Data ingestion completed successfully
