[2026-04-26 08:50:08,444] INFO - Model loaded from artifacts/model.h5
[2026-04-26 08:50:08,445] INFO - \u2713 Model loaded successfully
[2026-04-26 08:50:08,445] INFO - Model loaded from artifacts/model.h5
[2026-04-26 08:50:08,445] INFO - \u2713 Model loaded successfully
[2026-04-26 08:50:08,447] INFO - ============================================================
[2026-04-26 08:50:08,447] INFO - FOOD FRESHNESS CLASSIFICATION API
[2026-04-26 08:50:08,448] INFO - ============================================================
[2026-04-26 08:50:08,448] INFO - Model Status: \u2713 Loaded
[2026-04-26 08:50:08,447] INFO - FOOD FRESHNESS CLASSIFICATION API
[2026-04-26 08:50:08,448] INFO - Total Classes: 18
[2026-04-26 08:50:08,448] INFO - ============================================================
[2026-04-26 08:50:08,461] INFO - Upload Folder: D:\e drive\Only_Project\Food freshness classification from visual features\uploads
[2026-04-26 08:50:08,461] INFO - Total Classes: 18
[2026-04-26 08:50:08,461] INFO - Max File Size: 10MB
[2026-04-26 08:50:08,462] INFO - Upload Folder: D:\e drive\Only_Project\Food freshness classification from visual features\uploads
[2026-04-26 08:50:08,462] INFO - ============================================================
[2026-04-26 08:50:08,462] INFO - Max File Size: 10MB
[2026-04-26 08:50:08,462] INFO - Starting Flask API server...
[2026-04-26 08:50:08,462] INFO - ============================================================
[2026-04-26 08:50:08,462] INFO - Starting Flask API server...
[2026-04-26 08:50:08,491] WARNING -  * Debugger is active!
[2026-04-26 08:50:08,491] WARNING -  * Debugger is active!
[2026-04-26 08:50:08,494] INFO -  * Debugger PIN: 121-493-725
[2026-04-26 08:50:08,495] INFO -  * Debugger PIN: 121-493-725
[2026-04-26 08:50:09,709] INFO -  * Detected change in 'D:\\e drive\\Only_Project\\Ann Classification project\\venu\\Lib\\site-packages\\flask\\scaffold.py', reloading
[2026-04-26 08:50:09,709] INFO -  * Detected change in 'D:\\e drive\\Only_Project\\Ann Classification project\\venu\\Lib\\site-packages\\flask\\scaffold.py', reloading
